06:45.669[AbstractBeanFactory.java:251:DEBUG] Returning cached instance of singleton bean 'org.springframework.transaction.config.internalTransactionAdvisor'
06:45.671[AbstractFallbackTransactionAttributeSource.java:108:DEBUG] Adding transactional method 'UserServiceImpl.addUser' with attribute: PROPAGATION_REQUIRED,ISOLATION_DEFAULT; ''
06:45.673[AbstractAutoProxyCreator.java:526:DEBUG] Creating implicit proxy for bean 'userService' with 0 common interceptors and 1 specific interceptors
06:45.678[      CglibAopProxy.java:159:DEBUG] Creating CGLIB proxy: target source is SingletonTargetSource for target object [cn.javaxxw.service.impl.UserServiceImpl@55cf0d14]
06:45.711[DefaultSingletonBeanRegistry.java:221:DEBUG] Creating shared instance of singleton bean 'org.springframework.transaction.interceptor.TransactionInterceptor#0'
06:45.711[AbstractAutowireCapableBeanFactory.java:448:DEBUG] Creating instance of bean 'org.springframework.transaction.interceptor.TransactionInterceptor#0'
06:45.712[AbstractAutowireCapableBeanFactory.java:529:DEBUG] Eagerly caching bean 'org.springframework.transaction.interceptor.TransactionInterceptor#0' to allow for resolving potential circular references
06:45.715[AbstractBeanFactory.java:251:DEBUG] Returning cached instance of singleton bean 'org.springframework.transaction.annotation.AnnotationTransactionAttributeSource#0'
06:45.715[AbstractAutowireCapableBeanFactory.java:1620:DEBUG] Invoking afterPropertiesSet() on bean with name 'org.springframework.transaction.interceptor.TransactionInterceptor#0'
06:45.715[AbstractAutowireCapableBeanFactory.java:484:DEBUG] Finished creating instance of bean 'org.springframework.transaction.interceptor.TransactionInterceptor#0'
06:45.717[AbstractFallbackTransactionAttributeSource.java:108:DEBUG] Adding transactional method 'UserServiceImpl.addUser' with attribute: PROPAGATION_REQUIRED,ISOLATION_DEFAULT; ''
06:45.717[      CglibAopProxy.java:833:DEBUG] Unable to apply any optimisations to advised method: public cn.javaxxw.model.User cn.javaxxw.service.impl.UserServiceImpl.addUser(java.lang.String,java.lang.String,java.lang.String,java.lang.Integer)
06:45.718[      CglibAopProxy.java:833:DEBUG] Unable to apply any optimisations to advised method: public java.util.List cn.javaxxw.service.impl.UserServiceImpl.getAllUser()
06:45.718[      CglibAopProxy.java:833:DEBUG] Unable to apply any optimisations to advised method: public java.util.List cn.javaxxw.common.service.BaseServiceImpl.getAll()
06:45.718[      CglibAopProxy.java:833:DEBUG] Unable to apply any optimisations to advised method: public int cn.javaxxw.common.service.BaseServiceImpl.insertOrUpdate(cn.javaxxw.common.model.BaseModel)
06:45.719[      CglibAopProxy.java:833:DEBUG] Unable to apply any optimisations to advised method: public cn.javaxxw.common.model.BaseModel cn.javaxxw.common.service.BaseServiceImpl.findByPk(int)
06:45.719[      CglibAopProxy.java:785:DEBUG] Found finalize() method - using NO_OVERRIDE
06:45.719[      CglibAopProxy.java:797:DEBUG] Found 'equals' method: public boolean java.lang.Object.equals(java.lang.Object)
06:45.719[      CglibAopProxy.java:833:DEBUG] Unable to apply any optimisations to advised method: public java.lang.String java.lang.Object.toString()
06:45.719[      CglibAopProxy.java:802:DEBUG] Found 'hashCode' method: public native int java.lang.Object.hashCode()
06:45.720[      CglibAopProxy.java:833:DEBUG] Unable to apply any optimisations to advised method: protected native java.lang.Object java.lang.Object.clone() throws java.lang.CloneNotSupportedException
06:45.720[      CglibAopProxy.java:791:DEBUG] Method is declared on Advised interface: public abstract int org.springframework.aop.framework.Advised.indexOf(org.springframework.aop.Advisor)
06:45.720[      CglibAopProxy.java:791:DEBUG] Method is declared on Advised interface: public abstract int org.springframework.aop.framework.Advised.indexOf(org.aopalliance.aop.Advice)
06:45.720[      CglibAopProxy.java:791:DEBUG] Method is declared on Advised interface: public abstract boolean org.springframework.aop.framework.Advised.isFrozen()
06:45.721[      CglibAopProxy.java:791:DEBUG] Method is declared on Advised interface: public abstract void org.springframework.aop.framework.Advised.setTargetSource(org.springframework.aop.TargetSource)
06:45.721[      CglibAopProxy.java:791:DEBUG] Method is declared on Advised interface: public abstract void org.springframework.aop.framework.Advised.addAdvice(int,org.aopalliance.aop.Advice) throws org.springframework.aop.framework.AopConfigException
06:45.721[      CglibAopProxy.java:791:DEBUG] Method is declared on Advised interface: public abstract void org.springframework.aop.framework.Advised.addAdvice(org.aopalliance.aop.Advice) throws org.springframework.aop.framework.AopConfigException
06:45.721[      CglibAopProxy.java:791:DEBUG] Method is declared on Advised interface: public abstract org.springframework.aop.TargetSource org.springframework.aop.framework.Advised.getTargetSource()
06:45.722[      CglibAopProxy.java:791:DEBUG] Method is declared on Advised interface: public abstract void org.springframework.aop.framework.Advised.addAdvisor(org.springframework.aop.Advisor) throws org.springframework.aop.framework.AopConfigException
06:45.722[      CglibAopProxy.java:791:DEBUG] Method is declared on Advised interface: public abstract void org.springframework.aop.framework.Advised.addAdvisor(int,org.springframework.aop.Advisor) throws org.springframework.aop.framework.AopConfigException
06:45.722[      CglibAopProxy.java:791:DEBUG] Method is declared on Advised interface: public abstract void org.springframework.aop.framework.Advised.setPreFiltered(boolean)
06:45.722[      CglibAopProxy.java:791:DEBUG] Method is declared on Advised interface: public abstract void org.springframework.aop.framework.Advised.setExposeProxy(boolean)
06:45.722[      CglibAopProxy.java:791:DEBUG] Method is declared on Advised interface: public abstract boolean org.springframework.aop.framework.Advised.isExposeProxy()
06:45.723[      CglibAopProxy.java:791:DEBUG] Method is declared on Advised interface: public abstract boolean org.springframework.aop.framework.Advised.isProxyTargetClass()
06:45.723[      CglibAopProxy.java:791:DEBUG] Method is declared on Advised interface: public abstract java.lang.Class[] org.springframework.aop.framework.Advised.getProxiedInterfaces()
06:45.723[      CglibAopProxy.java:791:DEBUG] Method is declared on Advised interface: public abstract boolean org.springframework.aop.framework.Advised.isInterfaceProxied(java.lang.Class)
06:45.723[      CglibAopProxy.java:791:DEBUG] Method is declared on Advised interface: public abstract java.lang.String org.springframework.aop.framework.Advised.toProxyConfigString()
06:45.723[      CglibAopProxy.java:791:DEBUG] Method is declared on Advised interface: public abstract boolean org.springframework.aop.framework.Advised.isPreFiltered()
06:45.724[      CglibAopProxy.java:791:DEBUG] Method is declared on Advised interface: public abstract org.springframework.aop.Advisor[] org.springframework.aop.framework.Advised.getAdvisors()
06:45.724[      CglibAopProxy.java:791:DEBUG] Method is declared on Advised interface: public abstract void org.springframework.aop.framework.Advised.removeAdvisor(int) throws org.springframework.aop.framework.AopConfigException
06:45.724[      CglibAopProxy.java:791:DEBUG] Method is declared on Advised interface: public abstract boolean org.springframework.aop.framework.Advised.removeAdvisor(org.springframework.aop.Advisor)
06:45.724[      CglibAopProxy.java:791:DEBUG] Method is declared on Advised interface: public abstract boolean org.springframework.aop.framework.Advised.replaceAdvisor(org.springframework.aop.Advisor,org.springframework.aop.Advisor) throws org.springframework.aop.framework.AopConfigException
06:45.724[      CglibAopProxy.java:791:DEBUG] Method is declared on Advised interface: public abstract boolean org.springframework.aop.framework.Advised.removeAdvice(org.aopalliance.aop.Advice)
06:45.725[      CglibAopProxy.java:791:DEBUG] Method is declared on Advised interface: public abstract java.lang.Class org.springframework.aop.TargetClassAware.getTargetClass()
06:45.739[AbstractAutowireCapableBeanFactory.java:484:DEBUG] Finished creating instance of bean 'userService'
06:45.740[AbstractBeanFactory.java:251:DEBUG] Returning cached instance of singleton bean 'org.springframework.context.annotation.internalConfigurationAnnotationProcessor'
06:45.740[AbstractBeanFactory.java:251:DEBUG] Returning cached instance of singleton bean 'org.springframework.context.annotation.internalAutowiredAnnotationProcessor'
06:45.740[AbstractBeanFactory.java:251:DEBUG] Returning cached instance of singleton bean 'org.springframework.context.annotation.internalRequiredAnnotationProcessor'
06:45.740[AbstractBeanFactory.java:251:DEBUG] Returning cached instance of singleton bean 'org.springframework.context.annotation.internalCommonAnnotationProcessor'
06:45.740[DefaultSingletonBeanRegistry.java:221:DEBUG] Creating shared instance of singleton bean 'org.springframework.context.event.internalEventListenerProcessor'
06:45.740[AbstractAutowireCapableBeanFactory.java:448:DEBUG] Creating instance of bean 'org.springframework.context.event.internalEventListenerProcessor'
06:45.742[AbstractAutowireCapableBeanFactory.java:529:DEBUG] Eagerly caching bean 'org.springframework.context.event.internalEventListenerProcessor' to allow for resolving potential circular references
06:45.743[AbstractBeanFactory.java:251:DEBUG] Returning cached instance of singleton bean 'org.springframework.transaction.config.internalTransactionAdvisor'
06:45.743[AbstractAutowireCapableBeanFactory.java:484:DEBUG] Finished creating instance of bean 'org.springframework.context.event.internalEventListenerProcessor'
06:45.743[DefaultSingletonBeanRegistry.java:221:DEBUG] Creating shared instance of singleton bean 'org.springframework.context.event.internalEventListenerFactory'
06:45.743[AbstractAutowireCapableBeanFactory.java:448:DEBUG] Creating instance of bean 'org.springframework.context.event.internalEventListenerFactory'
06:45.744[AbstractAutowireCapableBeanFactory.java:529:DEBUG] Eagerly caching bean 'org.springframework.context.event.internalEventListenerFactory' to allow for resolving potential circular references
06:45.745[AbstractBeanFactory.java:251:DEBUG] Returning cached instance of singleton bean 'org.springframework.transaction.config.internalTransactionAdvisor'
06:45.745[AbstractAutowireCapableBeanFactory.java:484:DEBUG] Finished creating instance of bean 'org.springframework.context.event.internalEventListenerFactory'
06:45.745[AbstractBeanFactory.java:251:DEBUG] Returning cached instance of singleton bean 'org.springframework.context.support.PropertySourcesPlaceholderConfigurer#0'
06:45.745[AbstractBeanFactory.java:251:DEBUG] Returning cached instance of singleton bean 'dataSource'
06:45.745[DefaultSingletonBeanRegistry.java:221:DEBUG] Creating shared instance of singleton bean 'jdbcTemplate'
06:45.745[AbstractAutowireCapableBeanFactory.java:448:DEBUG] Creating instance of bean 'jdbcTemplate'
06:45.749[AbstractAutowireCapableBeanFactory.java:529:DEBUG] Eagerly caching bean 'jdbcTemplate' to allow for resolving potential circular references
06:45.754[AbstractBeanFactory.java:251:DEBUG] Returning cached instance of singleton bean 'dataSource'
06:45.755[AbstractAutowireCapableBeanFactory.java:1620:DEBUG] Invoking afterPropertiesSet() on bean with name 'jdbcTemplate'
06:45.755[AbstractBeanFactory.java:251:DEBUG] Returning cached instance of singleton bean 'org.springframework.transaction.config.internalTransactionAdvisor'
06:45.756[AbstractAutowireCapableBeanFactory.java:484:DEBUG] Finished creating instance of bean 'jdbcTemplate'
06:45.757[DefaultSingletonBeanRegistry.java:221:DEBUG] Creating shared instance of singleton bean 'txManager'
06:45.757[AbstractAutowireCapableBeanFactory.java:448:DEBUG] Creating instance of bean 'txManager'
06:45.760[AbstractAutowireCapableBeanFactory.java:529:DEBUG] Eagerly caching bean 'txManager' to allow for resolving potential circular references
06:45.762[AbstractBeanFactory.java:251:DEBUG] Returning cached instance of singleton bean 'dataSource'
06:45.762[AbstractAutowireCapableBeanFactory.java:1620:DEBUG] Invoking afterPropertiesSet() on bean with name 'txManager'
06:45.762[AbstractBeanFactory.java:251:DEBUG] Returning cached instance of singleton bean 'org.springframework.transaction.config.internalTransactionAdvisor'
06:45.763[AbstractAutowireCapableBeanFactory.java:484:DEBUG] Finished creating instance of bean 'txManager'
06:45.763[DefaultSingletonBeanRegistry.java:221:DEBUG] Creating shared instance of singleton bean 'org.springframework.transaction.config.internalTransactionalEventListenerFactory'
06:45.763[AbstractAutowireCapableBeanFactory.java:448:DEBUG] Creating instance of bean 'org.springframework.transaction.config.internalTransactionalEventListenerFactory'
06:45.763[AbstractAutowireCapableBeanFactory.java:529:DEBUG] Eagerly caching bean 'org.springframework.transaction.config.internalTransactionalEventListenerFactory' to allow for resolving potential circular references
06:45.764[AbstractBeanFactory.java:251:DEBUG] Returning cached instance of singleton bean 'org.springframework.transaction.config.internalTransactionAdvisor'
06:45.764[AbstractAutowireCapableBeanFactory.java:484:DEBUG] Finished creating instance of bean 'org.springframework.transaction.config.internalTransactionalEventListenerFactory'
06:45.765[AbstractBeanFactory.java:251:DEBUG] Returning cached instance of singleton bean 'org.springframework.aop.config.internalAutoProxyCreator'
06:45.765[AbstractBeanFactory.java:251:DEBUG] Returning cached instance of singleton bean 'org.springframework.transaction.annotation.AnnotationTransactionAttributeSource#0'
06:45.765[AbstractBeanFactory.java:251:DEBUG] Returning cached instance of singleton bean 'org.springframework.transaction.interceptor.TransactionInterceptor#0'
06:45.765[AbstractBeanFactory.java:251:DEBUG] Returning cached instance of singleton bean 'org.springframework.transaction.config.internalTransactionAdvisor'
06:45.765[AbstractBeanFactory.java:251:DEBUG] Returning cached instance of singleton bean 'sqlSessionFactory'
06:45.765[AbstractBeanFactory.java:251:DEBUG] Returning cached instance of singleton bean 'org.mybatis.spring.mapper.MapperScannerConfigurer#0'
06:45.765[AbstractBeanFactory.java:251:DEBUG] Returning cached instance of singleton bean 'sqlSessionTemplate'
06:45.766[AbstractBeanFactory.java:251:DEBUG] Returning cached instance of singleton bean 'org.springframework.context.annotation.ConfigurationClassPostProcessor.importAwareProcessor'
06:45.766[AbstractBeanFactory.java:251:DEBUG] Returning cached instance of singleton bean 'org.springframework.context.annotation.ConfigurationClassPostProcessor.enhancedConfigurationProcessor'
06:45.766[AbstractBeanFactory.java:251:DEBUG] Returning cached instance of singleton bean 'org.springframework.context.event.internalEventListenerFactory'
06:45.766[AbstractBeanFactory.java:251:DEBUG] Returning cached instance of singleton bean 'org.springframework.transaction.config.internalTransactionalEventListenerFactory'
06:45.788[AbstractApplicationContext.java:769:DEBUG] Unable to locate LifecycleProcessor with name 'lifecycleProcessor': using default [org.springframework.context.support.DefaultLifecycleProcessor@3f9342d4]
06:45.788[AbstractBeanFactory.java:251:DEBUG] Returning cached instance of singleton bean 'lifecycleProcessor'
06:45.790[AbstractBeanFactory.java:251:DEBUG] Returning cached instance of singleton bean 'sqlSessionFactory'
06:45.791[PropertySourcesPropertyResolver.java:81 :DEBUG] Searching for key 'spring.liveBeansView.mbeanDomain' in [systemProperties]
06:45.791[PropertySourcesPropertyResolver.java:81 :DEBUG] Searching for key 'spring.liveBeansView.mbeanDomain' in [systemEnvironment]
06:45.792[PropertySourcesPropertyResolver.java:103:DEBUG] Could not find key 'spring.liveBeansView.mbeanDomain' in any property source. Returning [null]
06:45.793[DefaultCacheAwareContextLoaderDelegate.java:118:DEBUG] Storing ApplicationContext in cache under key [[MergedContextConfiguration@3e6fa38a testClass = UserTest, locations = '{classpath:applicationContext.xml, classpath:applicationContext-mybatis.xml}', classes = '{}', contextInitializerClasses = '[]', activeProfiles = '{}', propertySourceLocations = '{}', propertySourceProperties = '{}', contextLoader = 'org.springframework.test.context.support.DelegatingSmartContextLoader', parent = [null]]]
06:45.793[DefaultContextCache.java:247:DEBUG] Spring test ApplicationContext cache statistics: [DefaultContextCache@7a1234bf size = 1, parentContextCount = 0, hitCount = 0, missCount = 1]
06:45.795[  InjectionMetadata.java:86 :DEBUG] Processing injected element of bean 'cn.javaxx.test.UserTest': AutowiredFieldElement for private cn.javaxxw.service.UserService cn.javaxx.test.UserTest.userService
06:45.795[AbstractBeanFactory.java:251:DEBUG] Returning cached instance of singleton bean 'userService'
06:45.795[AutowiredAnnotationBeanPostProcessor.java:492:DEBUG] Autowiring by type from bean name 'cn.javaxx.test.UserTest' to bean named 'userService'
06:45.795[AbstractBeanFactory.java:251:DEBUG] Returning cached instance of singleton bean 'org.springframework.transaction.config.internalTransactionAdvisor'
06:45.799[AbstractDirtiesContextTestExecutionListener.java:106:DEBUG] Before test method: context [DefaultTestContext@47c62251 testClass = UserTest, testInstance = cn.javaxx.test.UserTest@6a41eaa2, testMethod = getAll@UserTest, testException = [null], mergedContextConfiguration = [MergedContextConfiguration@3e6fa38a testClass = UserTest, locations = '{classpath:applicationContext.xml, classpath:applicationContext-mybatis.xml}', classes = '{}', contextInitializerClasses = '[]', activeProfiles = '{}', propertySourceLocations = '{}', propertySourceProperties = '{}', contextLoader = 'org.springframework.test.context.support.DelegatingSmartContextLoader', parent = [null]]], class annotated with @DirtiesContext [false] with mode [null], method annotated with @DirtiesContext [false] with mode [null].
06:45.825[    DataSourceUtils.java:110:DEBUG] Fetching JDBC Connection from DataSource
06:45.953[    DataSourceUtils.java:327:DEBUG] Returning JDBC Connection to DataSource
06:45.954[AbstractDirtiesContextTestExecutionListener.java:106:DEBUG] After test method: context [DefaultTestContext@47c62251 testClass = UserTest, testInstance = cn.javaxx.test.UserTest@6a41eaa2, testMethod = getAll@UserTest, testException = [null], mergedContextConfiguration = [MergedContextConfiguration@3e6fa38a testClass = UserTest, locations = '{classpath:applicationContext.xml, classpath:applicationContext-mybatis.xml}', classes = '{}', contextInitializerClasses = '[]', activeProfiles = '{}', propertySourceLocations = '{}', propertySourceProperties = '{}', contextLoader = 'org.springframework.test.context.support.DelegatingSmartContextLoader', parent = [null]]], class annotated with @DirtiesContext [false] with mode [null], method annotated with @DirtiesContext [false] with mode [null].
06:45.955[AbstractDirtiesContextTestExecutionListener.java:141:DEBUG] After test class: context [DefaultTestContext@47c62251 testClass = UserTest, testInstance = [null], testMethod = [null], testException = [null], mergedContextConfiguration = [MergedContextConfiguration@3e6fa38a testClass = UserTest, locations = '{classpath:applicationContext.xml, classpath:applicationContext-mybatis.xml}', classes = '{}', contextInitializerClasses = '[]', activeProfiles = '{}', propertySourceLocations = '{}', propertySourceProperties = '{}', contextLoader = 'org.springframework.test.context.support.DelegatingSmartContextLoader', parent = [null]]], class annotated with @DirtiesContext [false] with mode [null].
06:45.956[AbstractApplicationContext.java:960:INFO ] Closing org.springframework.context.support.GenericApplicationContext@27c20538: startup date [Wed Nov 01 09:06:44 CST 2017]; root of context hierarchy
06:45.957[AbstractBeanFactory.java:251:DEBUG] Returning cached instance of singleton bean 'sqlSessionFactory'
06:45.957[AbstractBeanFactory.java:251:DEBUG] Returning cached instance of singleton bean 'lifecycleProcessor'
06:45.957[DefaultSingletonBeanRegistry.java:512:DEBUG] Destroying singletons in org.springframework.beans.factory.support.DefaultListableBeanFactory@527e5409: defining beans [testController,userController,userMapper,userService,org.springframework.context.annotation.internalConfigurationAnnotationProcessor,org.springframework.context.annotation.internalAutowiredAnnotationProcessor,org.springframework.context.annotation.internalRequiredAnnotationProcessor,org.springframework.context.annotation.internalCommonAnnotationProcessor,org.springframework.context.event.internalEventListenerProcessor,org.springframework.context.event.internalEventListenerFactory,org.springframework.context.support.PropertySourcesPlaceholderConfigurer#0,dataSource,jdbcTemplate,txManager,org.springframework.transaction.config.internalTransactionalEventListenerFactory,org.springframework.aop.config.internalAutoProxyCreator,org.springframework.transaction.annotation.AnnotationTransactionAttributeSource#0,org.springframework.transaction.interceptor.TransactionInterceptor#0,org.springframework.transaction.config.internalTransactionAdvisor,sqlSessionFactory,org.mybatis.spring.mapper.MapperScannerConfigurer#0,sqlSessionTemplate,org.springframework.context.annotation.ConfigurationClassPostProcessor.importAwareProcessor,org.springframework.context.annotation.ConfigurationClassPostProcessor.enhancedConfigurationProcessor]; root of factory hierarchy
06:45.958[DefaultSingletonBeanRegistry.java:568:DEBUG] Retrieved dependent beans for bean 'userService': [cn.javaxx.test.UserTest]
06:45.958[DisposableBeanAdapter.java:249:DEBUG] Invoking destroy() on bean with name 'sqlSessionTemplate'
06:45.958[DisposableBeanAdapter.java:327:DEBUG] Invoking destroy method 'close' on bean with name 'dataSource'
06:45.961[    DruidDataSource.java:1444:INFO ] {dataSource-1} closed
